2026-05-11 07:44:16,739-INFO-Data extrcation for sales data has startedd...
2026-05-11 07:44:17,146-INFO-Data extrcation for sales data has completed...
2026-05-11 07:53:23,711-INFO-Data extrcation for sales data has started...
2026-05-11 07:53:24,227-INFO-Data extrcation for sales data has completed...
2026-05-11 07:53:24,228-INFO-Data extrcation for product data has started...
2026-05-11 07:53:24,476-INFO-Data extrcation for product data has completed...
2026-05-11 07:53:24,477-INFO-Data extrcation for inventory data has started...
2026-05-11 07:53:24,885-INFO-Data extrcation for inventory data has completed...
2026-05-11 07:53:24,886-INFO-Data extrcation for supplier data has started...
2026-05-11 07:53:25,156-INFO-Data extrcation for supplier data has completed...
2026-05-11 08:02:01,317-INFO-Data extrcation for stores data has started...
2026-05-11 08:02:04,110-INFO-Data extrcation for stores data has completed...
2026-05-11 08:31:22,195-INFO-Data extrcation for sales data has started...
2026-05-11 08:31:22,833-INFO-Data extrcation for sales data has completed...
2026-05-11 08:31:22,833-INFO-Data extrcation for product data has started...
2026-05-11 08:31:22,939-INFO-Data extrcation for product data has completed...
2026-05-11 08:31:22,940-INFO-Data extrcation for inventory data has started...
2026-05-11 08:31:23,191-INFO-Data extrcation for inventory data has completed...
2026-05-11 08:31:23,191-INFO-Data extrcation for supplier data has started...
2026-05-11 08:31:23,365-INFO-Data extrcation for supplier data has completed...
2026-05-11 08:31:23,366-INFO-Data extrcation for stores data has started...
2026-05-11 08:31:24,460-INFO-Data extrcation for stores data has completed...
